Using pre-set license
Built from '2020.3/staging' branch; Version is '2020.3.3f1 (76626098c1c4) revision 7758432'; Using compiler version '192528614'; Build Type 'Release'
OS: 'Windows 10 Pro; OS build 19044.1766; Version 2009; 64bit' Language: 'tr' Physical Memory: 16221 MB
BatchMode: 1, IsHumanControllingUs: 0, StartBugReporterOnCrash: 0, Is64bit: 1, IsPro: 0

 COMMAND LINE ARGUMENTS:
C:\Program Files\Unity\Hub\Editor\2020.3.3f1\Editor\Unity.exe
-adb2
-batchMode
-noUpm
-name
AssetImportWorker0
-projectPath
C:/Users/yusra/Documents/GitHub/hypercasuel/runcontrol
-logFile
Logs/AssetImportWorker0.log
-srvPort
62779
Successfully changed project path to: C:/Users/yusra/Documents/GitHub/hypercasuel/runcontrol
C:/Users/yusra/Documents/GitHub/hypercasuel/runcontrol
Using Asset Import Pipeline V2.
Refreshing native plugins compatible for Editor in 29.39 ms, found 0 plugins.
Preloading 0 native plugins for Editor in 0.00 ms.
Initialize engine version: 2020.3.3f1 (76626098c1c4)
[Subsystems] Discovering subsystems at path C:/Program Files/Unity/Hub/Editor/2020.3.3f1/Editor/Data/Resources/UnitySubsystems
[Subsystems] Discovering subsystems at path C:/Users/yusra/Documents/GitHub/hypercasuel/runcontrol/Assets
GfxDevice: creating device client; threaded=0
Direct3D:
    Version:  Direct3D 11.0 [level 11.1]
    Renderer: NVIDIA GeForce GTX 1650 Ti (ID=0x1f95)
    Vendor:   
    VRAM:     3962 MB
    Driver:   30.0.15.1179
Initialize mono
Mono path[0] = 'C:/Program Files/Unity/Hub/Editor/2020.3.3f1/Editor/Data/Managed'
Mono path[1] = 'C:/Program Files/Unity/Hub/Editor/2020.3.3f1/Editor/Data/MonoBleedingEdge/lib/mono/unityjit'
Mono config path = 'C:/Program Files/Unity/Hub/Editor/2020.3.3f1/Editor/Data/MonoBleedingEdge/etc'
Using monoOptions --debugger-agent=transport=dt_socket,embedding=1,server=y,suspend=n,address=127.0.0.1:56976
Begin MonoManager ReloadAssembly
Registering precompiled unity dll's ...
Register platform support module: C:/Program Files/Unity/Hub/Editor/2020.3.3f1/Editor/Data/PlaybackEngines/WindowsStandaloneSupport/UnityEditor.WindowsStandalone.Extensions.dll
Registered in 0.001583 seconds.
Native extension for WindowsStandalone target not found
Refreshing native plugins compatible for Editor in 41.30 ms, found 0 plugins.
Preloading 0 native plugins for Editor in 0.00 ms.
Invoked RoslynAnalysisRunner static constructor.
RoslynAnalysisRunner will not be running.
RoslynAnalysisRunner has terminated.
Mono: successfully reloaded assembly
- Completed reload, in  2.185 seconds
Platform modules already initialized, skipping
Registering precompiled user dll's ...
Registered in 0.000537 seconds.
Begin MonoManager ReloadAssembly
Native extension for WindowsStandalone target not found
Refreshing native plugins compatible for Editor in 0.20 ms, found 0 plugins.
Preloading 0 native plugins for Editor in 0.00 ms.
Invoked RoslynAnalysisRunner static constructor.
RoslynAnalysisRunner will not be running.
RoslynAnalysisRunner has terminated.
Mono: successfully reloaded assembly
- Completed reload, in  0.937 seconds
Platform modules already initialized, skipping
========================================================================
Worker process is ready to serve import requests
Launched and connected shader compiler UnityShaderCompiler.exe after 0.05 seconds
Refreshing native plugins compatible for Editor in 0.20 ms, found 0 plugins.
Preloading 0 native plugins for Editor in 0.00 ms.
Unloading 1169 Unused Serialized files (Serialized files now loaded: 0)
System memory in use before: 61.6 MB.
System memory in use after: 61.7 MB.

Unloading 10 unused Assets to reduce memory usage. Loaded Objects now: 1618.
Total: 1.416600 ms (FindLiveObjects: 0.136200 ms CreateObjectMapping: 0.038900 ms MarkObjects: 1.176100 ms  DeleteObjects: 0.064700 ms)

========================================================================
Received Import Request.
  path: Assets/Script/GameManager.cs
  artifactKey: Guid(ba17d3a6582080a46a5ae51408319043) Importer(815301076,1909f56bfc062723c751e8b465ee728b)
Start importing Assets/Script/GameManager.cs using Guid(ba17d3a6582080a46a5ae51408319043) Importer(815301076,1909f56bfc062723c751e8b465ee728b)  -> (artifact id: '545307a73e59808a19305d373e2228ae') in 0.023598 seconds
  Import took 0.025376 seconds .

========================================================================
Received Prepare
Refreshing native plugins compatible for Editor in 0.70 ms, found 0 plugins.
Preloading 0 native plugins for Editor in 0.00 ms.
Unloading 3 Unused Serialized files (Serialized files now loaded: 0)
System memory in use before: 37.3 MB.
System memory in use after: 37.4 MB.

Unloading 3 unused Assets to reduce memory usage. Loaded Objects now: 1618.
Total: 1.439300 ms (FindLiveObjects: 0.120800 ms CreateObjectMapping: 0.038100 ms MarkObjects: 1.237000 ms  DeleteObjects: 0.042900 ms)

========================================================================
Received Prepare
Registering precompiled user dll's ...
Registered in 0.000536 seconds.
Begin MonoManager ReloadAssembly
Native extension for WindowsStandalone target not found
Refreshing native plugins compatible for Editor in 0.34 ms, found 0 plugins.
Preloading 0 native plugins for Editor in 0.00 ms.
Invoked RoslynAnalysisRunner static constructor.
RoslynAnalysisRunner will not be running.
RoslynAnalysisRunner has terminated.
Mono: successfully reloaded assembly
- Completed reload, in  0.780 seconds
Platform modules already initialized, skipping
Refreshing native plugins compatible for Editor in 0.20 ms, found 0 plugins.
Preloading 0 native plugins for Editor in 0.00 ms.
Unloading 1151 Unused Serialized files (Serialized files now loaded: 0)
System memory in use before: 60.3 MB.
System memory in use after: 60.3 MB.

Unloading 5 unused Assets to reduce memory usage. Loaded Objects now: 1621.
Total: 1.876300 ms (FindLiveObjects: 0.195400 ms CreateObjectMapping: 0.090600 ms MarkObjects: 1.533500 ms  DeleteObjects: 0.055900 ms)

========================================================================
Received Prepare
Registering precompiled user dll's ...
Registered in 0.000776 seconds.
Begin MonoManager ReloadAssembly
Native extension for WindowsStandalone target not found
Refreshing native plugins compatible for Editor in 0.19 ms, found 0 plugins.
Preloading 0 native plugins for Editor in 0.00 ms.
Invoked RoslynAnalysisRunner static constructor.
RoslynAnalysisRunner will not be running.
RoslynAnalysisRunner has terminated.
Mono: successfully reloaded assembly
- Completed reload, in  0.701 seconds
Platform modules already initialized, skipping
Refreshing native plugins compatible for Editor in 0.22 ms, found 0 plugins.
Preloading 0 native plugins for Editor in 0.00 ms.
Unloading 1151 Unused Serialized files (Serialized files now loaded: 0)
System memory in use before: 60.3 MB.
System memory in use after: 60.4 MB.

Unloading 5 unused Assets to reduce memory usage. Loaded Objects now: 1624.
Total: 1.489800 ms (FindLiveObjects: 0.118800 ms CreateObjectMapping: 0.036000 ms MarkObjects: 1.279700 ms  DeleteObjects: 0.054600 ms)

========================================================================
Received Import Request.
  Time since last request: 1378.954682 seconds.
  path: ProjectSettings/TagManager.asset
  artifactKey: Guid(00000000000000003000000000000000) Importer(815301076,1909f56bfc062723c751e8b465ee728b)
Start importing ProjectSettings/TagManager.asset using Guid(00000000000000003000000000000000) Importer(815301076,1909f56bfc062723c751e8b465ee728b)  -> (artifact id: 'be59cd5024b36030c1835212b9debd95') in 0.017102 seconds
  Import took 0.019141 seconds .

========================================================================
Received Prepare
Registering precompiled user dll's ...
Registered in 0.000512 seconds.
Begin MonoManager ReloadAssembly
Native extension for WindowsStandalone target not found
Refreshing native plugins compatible for Editor in 0.19 ms, found 0 plugins.
Preloading 0 native plugins for Editor in 0.00 ms.
Invoked RoslynAnalysisRunner static constructor.
RoslynAnalysisRunner will not be running.
RoslynAnalysisRunner has terminated.
Mono: successfully reloaded assembly
- Completed reload, in  0.697 seconds
Platform modules already initialized, skipping
Refreshing native plugins compatible for Editor in 0.20 ms, found 0 plugins.
Preloading 0 native plugins for Editor in 0.00 ms.
Unloading 1151 Unused Serialized files (Serialized files now loaded: 0)
System memory in use before: 60.3 MB.
System memory in use after: 60.4 MB.

Unloading 6 unused Assets to reduce memory usage. Loaded Objects now: 1627.
Total: 1.464000 ms (FindLiveObjects: 0.154700 ms CreateObjectMapping: 0.034300 ms MarkObjects: 1.227700 ms  DeleteObjects: 0.046300 ms)

========================================================================
Received Prepare
Registering precompiled user dll's ...
Registered in 0.000507 seconds.
Begin MonoManager ReloadAssembly
Native extension for WindowsStandalone target not found
Refreshing native plugins compatible for Editor in 0.24 ms, found 0 plugins.
Preloading 0 native plugins for Editor in 0.00 ms.
Invoked RoslynAnalysisRunner static constructor.
RoslynAnalysisRunner will not be running.
RoslynAnalysisRunner has terminated.
Mono: successfully reloaded assembly
- Completed reload, in  0.723 seconds
Platform modules already initialized, skipping
Refreshing native plugins compatible for Editor in 0.21 ms, found 0 plugins.
Preloading 0 native plugins for Editor in 0.00 ms.
Unloading 1151 Unused Serialized files (Serialized files now loaded: 0)
System memory in use before: 60.3 MB.
System memory in use after: 60.4 MB.

Unloading 5 unused Assets to reduce memory usage. Loaded Objects now: 1630.
Total: 2.047000 ms (FindLiveObjects: 0.127800 ms CreateObjectMapping: 0.034400 ms MarkObjects: 1.802600 ms  DeleteObjects: 0.081600 ms)

========================================================================
Received Prepare
Registering precompiled user dll's ...
Registered in 0.000456 seconds.
Begin MonoManager ReloadAssembly
Native extension for WindowsStandalone target not found
Refreshing native plugins compatible for Editor in 0.23 ms, found 0 plugins.
Preloading 0 native plugins for Editor in 0.00 ms.
Invoked RoslynAnalysisRunner static constructor.
RoslynAnalysisRunner will not be running.
RoslynAnalysisRunner has terminated.
Mono: successfully reloaded assembly
- Completed reload, in  0.718 seconds
Platform modules already initialized, skipping
Refreshing native plugins compatible for Editor in 0.29 ms, found 0 plugins.
Preloading 0 native plugins for Editor in 0.00 ms.
Unloading 1151 Unused Serialized files (Serialized files now loaded: 0)
System memory in use before: 60.3 MB.
System memory in use after: 60.4 MB.

Unloading 5 unused Assets to reduce memory usage. Loaded Objects now: 1633.
Total: 1.414400 ms (FindLiveObjects: 0.135400 ms CreateObjectMapping: 0.034700 ms MarkObjects: 1.198600 ms  DeleteObjects: 0.044700 ms)

========================================================================
Received Prepare
Registering precompiled user dll's ...
Registered in 0.000522 seconds.
Begin MonoManager ReloadAssembly
Native extension for WindowsStandalone target not found
Refreshing native plugins compatible for Editor in 0.18 ms, found 0 plugins.
Preloading 0 native plugins for Editor in 0.00 ms.
Invoked RoslynAnalysisRunner static constructor.
RoslynAnalysisRunner will not be running.
RoslynAnalysisRunner has terminated.
Mono: successfully reloaded assembly
- Completed reload, in  0.639 seconds
Platform modules already initialized, skipping
Refreshing native plugins compatible for Editor in 0.26 ms, found 0 plugins.
Preloading 0 native plugins for Editor in 0.00 ms.
Unloading 1151 Unused Serialized files (Serialized files now loaded: 0)
System memory in use before: 60.3 MB.
System memory in use after: 60.4 MB.

Unloading 5 unused Assets to reduce memory usage. Loaded Objects now: 1636.
Total: 1.352500 ms (FindLiveObjects: 0.127500 ms CreateObjectMapping: 0.030300 ms MarkObjects: 1.153700 ms  DeleteObjects: 0.040400 ms)

========================================================================
Received Prepare
Registering precompiled user dll's ...
Registered in 0.000464 seconds.
Begin MonoManager ReloadAssembly
Native extension for WindowsStandalone target not found
Refreshing native plugins compatible for Editor in 0.30 ms, found 0 plugins.
Preloading 0 native plugins for Editor in 0.00 ms.
Invoked RoslynAnalysisRunner static constructor.
RoslynAnalysisRunner will not be running.
RoslynAnalysisRunner has terminated.
Mono: successfully reloaded assembly
- Completed reload, in  0.830 seconds
Platform modules already initialized, skipping
Refreshing native plugins compatible for Editor in 0.22 ms, found 0 plugins.
Preloading 0 native plugins for Editor in 0.00 ms.
Unloading 1152 Unused Serialized files (Serialized files now loaded: 0)
System memory in use before: 60.4 MB.
System memory in use after: 60.4 MB.

Unloading 5 unused Assets to reduce memory usage. Loaded Objects now: 1640.
Total: 1.620400 ms (FindLiveObjects: 0.163100 ms CreateObjectMapping: 0.060700 ms MarkObjects: 1.312300 ms  DeleteObjects: 0.083500 ms)

========================================================================
Received Prepare
Registering precompiled user dll's ...
Registered in 0.000586 seconds.
Begin MonoManager ReloadAssembly
Native extension for WindowsStandalone target not found
Refreshing native plugins compatible for Editor in 0.38 ms, found 0 plugins.
Preloading 0 native plugins for Editor in 0.00 ms.
Invoked RoslynAnalysisRunner static constructor.
RoslynAnalysisRunner will not be running.
RoslynAnalysisRunner has terminated.
Mono: successfully reloaded assembly
- Completed reload, in  0.699 seconds
Platform modules already initialized, skipping
Refreshing native plugins compatible for Editor in 0.20 ms, found 0 plugins.
Preloading 0 native plugins for Editor in 0.00 ms.
Unloading 1152 Unused Serialized files (Serialized files now loaded: 0)
System memory in use before: 60.4 MB.
System memory in use after: 60.4 MB.

Unloading 5 unused Assets to reduce memory usage. Loaded Objects now: 1643.
Total: 1.972100 ms (FindLiveObjects: 0.119900 ms CreateObjectMapping: 0.031500 ms MarkObjects: 1.776400 ms  DeleteObjects: 0.043600 ms)

========================================================================
Received Prepare
Registering precompiled user dll's ...
Registered in 0.000434 seconds.
Begin MonoManager ReloadAssembly
Native extension for WindowsStandalone target not found
Refreshing native plugins compatible for Editor in 0.21 ms, found 0 plugins.
Preloading 0 native plugins for Editor in 0.00 ms.
Invoked RoslynAnalysisRunner static constructor.
RoslynAnalysisRunner will not be running.
RoslynAnalysisRunner has terminated.
Mono: successfully reloaded assembly
- Completed reload, in  0.724 seconds
Platform modules already initialized, skipping
Refreshing native plugins compatible for Editor in 0.20 ms, found 0 plugins.
Preloading 0 native plugins for Editor in 0.00 ms.
Unloading 1152 Unused Serialized files (Serialized files now loaded: 0)
System memory in use before: 60.4 MB.
System memory in use after: 60.5 MB.

Unloading 5 unused Assets to reduce memory usage. Loaded Objects now: 1646.
Total: 1.487500 ms (FindLiveObjects: 0.151100 ms CreateObjectMapping: 0.036100 ms MarkObjects: 1.256000 ms  DeleteObjects: 0.043400 ms)

========================================================================
Received Import Request.
  Time since last request: 640.520753 seconds.
  path: Assets/Script/Ruzgar.cs
  artifactKey: Guid(03a5a0e0ee4fc7048b207deacae1e631) Importer(815301076,1909f56bfc062723c751e8b465ee728b)
Start importing Assets/Script/Ruzgar.cs using Guid(03a5a0e0ee4fc7048b207deacae1e631) Importer(815301076,1909f56bfc062723c751e8b465ee728b)  -> (artifact id: 'a8813e95aa8e47b1f56ba8e6809b51cc') in 0.009542 seconds
  Import took 0.011919 seconds .

========================================================================
Received Import Request.
  Time since last request: 47.972637 seconds.
  path: Assets/Script/AdamLekesi.cs
  artifactKey: Guid(dae0f9c1a0ae6a943b5a55e334b222e5) Importer(815301076,1909f56bfc062723c751e8b465ee728b)
Start importing Assets/Script/AdamLekesi.cs using Guid(dae0f9c1a0ae6a943b5a55e334b222e5) Importer(815301076,1909f56bfc062723c751e8b465ee728b)  -> (artifact id: '390793cc04b0fb854208a75184659edf') in 0.007483 seconds
  Import took 0.010468 seconds .

========================================================================
Received Import Request.
  Time since last request: 71.389491 seconds.
  path: Assets/Prefab/ENGELLER
  artifactKey: Guid(3722d7f47e8009e40a6f72055cabcd5d) Importer(815301076,1909f56bfc062723c751e8b465ee728b)
Start importing Assets/Prefab/ENGELLER using Guid(3722d7f47e8009e40a6f72055cabcd5d) Importer(815301076,1909f56bfc062723c751e8b465ee728b)  -> (artifact id: '288e42de501e824e2de7501f946ba503') in 0.006875 seconds
  Import took 0.009061 seconds .

========================================================================
Received Import Request.
  Time since last request: 6.959840 seconds.
  path: Assets/Prefab/ENGELLER/balyoz.prefab
  artifactKey: Guid(ede148af13fdb7b41856b0f48338088d) Importer(815301076,1909f56bfc062723c751e8b465ee728b)
Start importing Assets/Prefab/ENGELLER/balyoz.prefab using Guid(ede148af13fdb7b41856b0f48338088d) Importer(815301076,1909f56bfc062723c751e8b465ee728b)  -> (artifact id: '3ce3e715090de8d88876d24924ece82f') in 0.089856 seconds
  Import took 0.092540 seconds .

========================================================================
Received Import Request.
  Time since last request: 30.736005 seconds.
  path: Assets/Prefab/ENGELLER/RuzgarEngel.prefab
  artifactKey: Guid(56e242966fe46304b9789c668c738dee) Importer(815301076,1909f56bfc062723c751e8b465ee728b)
Start importing Assets/Prefab/ENGELLER/RuzgarEngel.prefab using Guid(56e242966fe46304b9789c668c738dee) Importer(815301076,1909f56bfc062723c751e8b465ee728b)  -> (artifact id: '08b7977e18953f9b99eda599aad29505') in 0.025114 seconds
  Import took 0.027873 seconds .

========================================================================
Received Import Request.
  Time since last request: 1.564484 seconds.
  path: Assets/Prefab/ENGELLER/TestereSol.prefab
  artifactKey: Guid(8403e61b049fc664fa1f66306f31b72d) Importer(815301076,1909f56bfc062723c751e8b465ee728b)
Start importing Assets/Prefab/ENGELLER/TestereSol.prefab using Guid(8403e61b049fc664fa1f66306f31b72d) Importer(815301076,1909f56bfc062723c751e8b465ee728b)  -> (artifact id: 'aaee6d9dcba7e547ea3015c31ffca1e1') in 0.031660 seconds
  Import took 0.034364 seconds .

========================================================================
Received Import Request.
  Time since last request: 2.069129 seconds.
  path: Assets/Prefab/ENGELLER/TestereSag.prefab
  artifactKey: Guid(e24ce92f53a651b4486da67601f33e8c) Importer(815301076,1909f56bfc062723c751e8b465ee728b)
Start importing Assets/Prefab/ENGELLER/TestereSag.prefab using Guid(e24ce92f53a651b4486da67601f33e8c) Importer(815301076,1909f56bfc062723c751e8b465ee728b)  -> (artifact id: 'aada02ccd31eb17d5d527d9ed4626219') in 0.031550 seconds
  Import took 0.034212 seconds .

========================================================================
Received Import Request.
  Time since last request: 1.551421 seconds.
  path: Assets/Prefab/ENGELLER/ignelikutu.prefab
  artifactKey: Guid(b886c34a335eccb4b9558e8e6ed313de) Importer(815301076,1909f56bfc062723c751e8b465ee728b)
Start importing Assets/Prefab/ENGELLER/ignelikutu.prefab using Guid(b886c34a335eccb4b9558e8e6ed313de) Importer(815301076,1909f56bfc062723c751e8b465ee728b)  -> (artifact id: '496df265df05aaf6e0ebc0abb9552e18') in 0.013184 seconds
  Import took 0.015856 seconds .

========================================================================
Received Prepare
Registering precompiled user dll's ...
Registered in 0.000890 seconds.
Begin MonoManager ReloadAssembly
Native extension for WindowsStandalone target not found
Refreshing native plugins compatible for Editor in 0.42 ms, found 0 plugins.
Preloading 0 native plugins for Editor in 0.00 ms.
Invoked RoslynAnalysisRunner static constructor.
RoslynAnalysisRunner will not be running.
RoslynAnalysisRunner has terminated.
Mono: successfully reloaded assembly
- Completed reload, in  0.900 seconds
Platform modules already initialized, skipping
Refreshing native plugins compatible for Editor in 0.27 ms, found 0 plugins.
Preloading 0 native plugins for Editor in 0.00 ms.
Unloading 1152 Unused Serialized files (Serialized files now loaded: 0)
System memory in use before: 63.6 MB.
System memory in use after: 63.7 MB.

Unloading 5 unused Assets to reduce memory usage. Loaded Objects now: 1657.
Total: 2.229700 ms (FindLiveObjects: 0.136100 ms CreateObjectMapping: 0.039600 ms MarkObjects: 1.782400 ms  DeleteObjects: 0.269200 ms)

========================================================================
Received Prepare
Registering precompiled user dll's ...
Registered in 0.000488 seconds.
Begin MonoManager ReloadAssembly
Native extension for WindowsStandalone target not found
Refreshing native plugins compatible for Editor in 0.19 ms, found 0 plugins.
Preloading 0 native plugins for Editor in 0.00 ms.
Invoked RoslynAnalysisRunner static constructor.
RoslynAnalysisRunner will not be running.
RoslynAnalysisRunner has terminated.
Mono: successfully reloaded assembly
- Completed reload, in  0.791 seconds
Platform modules already initialized, skipping
Refreshing native plugins compatible for Editor in 0.29 ms, found 0 plugins.
Preloading 0 native plugins for Editor in 0.00 ms.
Unloading 1152 Unused Serialized files (Serialized files now loaded: 0)
System memory in use before: 63.6 MB.
System memory in use after: 63.7 MB.

Unloading 5 unused Assets to reduce memory usage. Loaded Objects now: 1660.
Total: 2.200000 ms (FindLiveObjects: 0.296000 ms CreateObjectMapping: 0.063600 ms MarkObjects: 1.756000 ms  DeleteObjects: 0.082100 ms)

========================================================================
Received Import Request.
  Time since last request: 960.555742 seconds.
  path: Assets/Prefab/ENGELLER/ignelikutu.prefab
  artifactKey: Guid(b886c34a335eccb4b9558e8e6ed313de) Importer(815301076,1909f56bfc062723c751e8b465ee728b)
Start importing Assets/Prefab/ENGELLER/ignelikutu.prefab using Guid(b886c34a335eccb4b9558e8e6ed313de) Importer(815301076,1909f56bfc062723c751e8b465ee728b)  -> (artifact id: '89cd3cfe9bbfc7f233225f6f7666e5b8') in 0.072726 seconds
  Import took 0.075691 seconds .

========================================================================
Received Prepare
Registering precompiled user dll's ...
Registered in 0.000559 seconds.
Begin MonoManager ReloadAssembly
Native extension for WindowsStandalone target not found
Refreshing native plugins compatible for Editor in 0.20 ms, found 0 plugins.
Preloading 0 native plugins for Editor in 0.00 ms.
Invoked RoslynAnalysisRunner static constructor.
RoslynAnalysisRunner will not be running.
RoslynAnalysisRunner has terminated.
Mono: successfully reloaded assembly
- Completed reload, in  0.834 seconds
Platform modules already initialized, skipping
Refreshing native plugins compatible for Editor in 0.23 ms, found 0 plugins.
Preloading 0 native plugins for Editor in 0.00 ms.
Unloading 1152 Unused Serialized files (Serialized files now loaded: 0)
System memory in use before: 63.6 MB.
System memory in use after: 63.7 MB.

Unloading 5 unused Assets to reduce memory usage. Loaded Objects now: 1664.
Total: 1.649400 ms (FindLiveObjects: 0.138500 ms CreateObjectMapping: 0.032200 ms MarkObjects: 1.430900 ms  DeleteObjects: 0.047000 ms)

========================================================================
Received Import Request.
  Time since last request: 612.264264 seconds.
  path: Assets/Prefab/ENGELLER/TestereSol.prefab
  artifactKey: Guid(8403e61b049fc664fa1f66306f31b72d) Importer(815301076,1909f56bfc062723c751e8b465ee728b)
Start importing Assets/Prefab/ENGELLER/TestereSol.prefab using Guid(8403e61b049fc664fa1f66306f31b72d) Importer(815301076,1909f56bfc062723c751e8b465ee728b)  -> (artifact id: '94f7d50ad3dafc53e4e26a9941ab8d5c') in 0.075233 seconds
  Import took 0.078377 seconds .

========================================================================
Received Import Request.
  Time since last request: 295.429951 seconds.
  path: Assets/Prefab/HARİCİ
  artifactKey: Guid(90927b50554723445ae6017a7aa75160) Importer(815301076,1909f56bfc062723c751e8b465ee728b)
Start importing Assets/Prefab/HARİCİ using Guid(90927b50554723445ae6017a7aa75160) Importer(815301076,1909f56bfc062723c751e8b465ee728b)  -> (artifact id: 'd3639d7d53fd29406863090e20ef1d10') in 0.007038 seconds
  Import took 0.009489 seconds .

========================================================================
Received Import Request.
  Time since last request: 3.433354 seconds.
  path: Assets/Prefab/HARİCİ/SayisalBloklar.prefab
  artifactKey: Guid(ed1256d540b5f6943916d691fd3602fb) Importer(815301076,1909f56bfc062723c751e8b465ee728b)
Start importing Assets/Prefab/HARİCİ/SayisalBloklar.prefab using Guid(ed1256d540b5f6943916d691fd3602fb) Importer(815301076,1909f56bfc062723c751e8b465ee728b)  -> (artifact id: '9b4c111452ae7f90290bb51f19ea5230') in 0.081860 seconds
  Import took 0.084430 seconds .

========================================================================
Received Prepare
Registering precompiled user dll's ...
Registered in 0.000627 seconds.
Begin MonoManager ReloadAssembly
Native extension for WindowsStandalone target not found
Refreshing native plugins compatible for Editor in 0.21 ms, found 0 plugins.
Preloading 0 native plugins for Editor in 0.00 ms.
Invoked RoslynAnalysisRunner static constructor.
RoslynAnalysisRunner will not be running.
RoslynAnalysisRunner has terminated.
Mono: successfully reloaded assembly
- Completed reload, in  0.788 seconds
Platform modules already initialized, skipping
Refreshing native plugins compatible for Editor in 0.20 ms, found 0 plugins.
Preloading 0 native plugins for Editor in 0.00 ms.
Unloading 1156 Unused Serialized files (Serialized files now loaded: 0)
System memory in use before: 64.2 MB.
System memory in use after: 64.2 MB.

Unloading 6 unused Assets to reduce memory usage. Loaded Objects now: 1672.
Total: 1.369800 ms (FindLiveObjects: 0.123900 ms CreateObjectMapping: 0.036300 ms MarkObjects: 1.110000 ms  DeleteObjects: 0.098700 ms)

========================================================================
Received Import Request.
  Time since last request: 2373.177255 seconds.
  path: Assets/LowPolyWater_Pack
  artifactKey: Guid(77212c51362952f4e89f4c2ef8e0fcde) Importer(815301076,1909f56bfc062723c751e8b465ee728b)
Start importing Assets/LowPolyWater_Pack using Guid(77212c51362952f4e89f4c2ef8e0fcde) Importer(815301076,1909f56bfc062723c751e8b465ee728b)  -> (artifact id: '87a63758e3a61d4d742435de988a21e6') in 0.010711 seconds
  Import took 0.013143 seconds .

========================================================================
Received Import Request.
  Time since last request: 0.000787 seconds.
  path: Assets/LowPolyWater_Pack
  artifactKey: Guid(77212c51362952f4e89f4c2ef8e0fcde) Importer(815301076,1909f56bfc062723c751e8b465ee728b)
Start importing Assets/LowPolyWater_Pack using Guid(77212c51362952f4e89f4c2ef8e0fcde) Importer(815301076,1909f56bfc062723c751e8b465ee728b)  -> (artifact id: '87a63758e3a61d4d742435de988a21e6') in 0.002220 seconds
  Import took 0.004534 seconds .

========================================================================
Received Import Request.
  Time since last request: 2.150265 seconds.
  path: Assets/LowPolyWater_Pack/_Demo
  artifactKey: Guid(b5f8a0e7878d0e3478bda48d5ffc421c) Importer(815301076,1909f56bfc062723c751e8b465ee728b)
Start importing Assets/LowPolyWater_Pack/_Demo using Guid(b5f8a0e7878d0e3478bda48d5ffc421c) Importer(815301076,1909f56bfc062723c751e8b465ee728b)  -> (artifact id: 'd271c88ad3f2ecffc9a47f6c247e2581') in 0.007694 seconds
  Import took 0.010232 seconds .

========================================================================
Received Import Request.
  Time since last request: 8.068009 seconds.
  path: Assets/LowPolyWater_Pack/Animation
  artifactKey: Guid(b5ceb4c51f4752241b2e08f466421a7d) Importer(815301076,1909f56bfc062723c751e8b465ee728b)
Start importing Assets/LowPolyWater_Pack/Animation using Guid(b5ceb4c51f4752241b2e08f466421a7d) Importer(815301076,1909f56bfc062723c751e8b465ee728b)  -> (artifact id: '3f1f236dd4a5b8a7d26ad2f7bc2de041') in 0.006105 seconds
  Import took 0.008117 seconds .

========================================================================
Received Import Request.
  Time since last request: 2.583975 seconds.
  path: Assets/LowPolyWater_Pack/Documentation
  artifactKey: Guid(a085c41d7ae268a488eb40c08ef2bb9e) Importer(815301076,1909f56bfc062723c751e8b465ee728b)
Start importing Assets/LowPolyWater_Pack/Documentation using Guid(a085c41d7ae268a488eb40c08ef2bb9e) Importer(815301076,1909f56bfc062723c751e8b465ee728b)  -> (artifact id: '112ced650546c080cb54793059625f76') in 0.006566 seconds
  Import took 0.008664 seconds .

========================================================================
Received Import Request.
  Time since last request: 8.933827 seconds.
  path: Assets/LowPolyWater_Pack/Plane Meshes
  artifactKey: Guid(3cf44bedfd04535428eb215dfe3cbe2d) Importer(815301076,1909f56bfc062723c751e8b465ee728b)
Start importing Assets/LowPolyWater_Pack/Plane Meshes using Guid(3cf44bedfd04535428eb215dfe3cbe2d) Importer(815301076,1909f56bfc062723c751e8b465ee728b)  -> (artifact id: 'e184dec5b0dd27be644a78f940d11bcf') in 0.006892 seconds
  Import took 0.010404 seconds .

========================================================================
Received Import Request.
  Time since last request: 453.845982 seconds.
  path: Assets/LowPolyWater_Pack/LowPoly Island/Materials
  artifactKey: Guid(ff03683a26939b2418b9d1ed51da72da) Importer(815301076,1909f56bfc062723c751e8b465ee728b)
Start importing Assets/LowPolyWater_Pack/LowPoly Island/Materials using Guid(ff03683a26939b2418b9d1ed51da72da) Importer(815301076,1909f56bfc062723c751e8b465ee728b)  -> (artifact id: '019156a5344658e525fb15b4c3113ec8') in 0.005647 seconds
  Import took 0.008254 seconds .

========================================================================
Received Prepare
Registering precompiled user dll's ...
Registered in 0.000536 seconds.
Begin MonoManager ReloadAssembly
Native extension for WindowsStandalone target not found
Refreshing native plugins compatible for Editor in 0.19 ms, found 0 plugins.
Preloading 0 native plugins for Editor in 0.00 ms.
Invoked RoslynAnalysisRunner static constructor.
RoslynAnalysisRunner will not be running.
RoslynAnalysisRunner has terminated.
Mono: successfully reloaded assembly
- Completed reload, in  0.639 seconds
Platform modules already initialized, skipping
Refreshing native plugins compatible for Editor in 0.21 ms, found 0 plugins.
Preloading 0 native plugins for Editor in 0.00 ms.
Unloading 1155 Unused Serialized files (Serialized files now loaded: 0)
System memory in use before: 64.1 MB.
System memory in use after: 64.1 MB.

Unloading 6 unused Assets to reduce memory usage. Loaded Objects now: 1675.
Total: 1.970600 ms (FindLiveObjects: 0.134100 ms CreateObjectMapping: 0.036300 ms MarkObjects: 1.606700 ms  DeleteObjects: 0.193000 ms)

========================================================================
Received Prepare
Registering precompiled user dll's ...
Registered in 0.001462 seconds.
Begin MonoManager ReloadAssembly
Native extension for WindowsStandalone target not found
Refreshing native plugins compatible for Editor in 0.19 ms, found 0 plugins.
Preloading 0 native plugins for Editor in 0.00 ms.
Invoked RoslynAnalysisRunner static constructor.
RoslynAnalysisRunner will not be running.
RoslynAnalysisRunner has terminated.
Mono: successfully reloaded assembly
- Completed reload, in  0.827 seconds
Platform modules already initialized, skipping
Refreshing native plugins compatible for Editor in 0.27 ms, found 0 plugins.
Preloading 0 native plugins for Editor in 0.00 ms.
Unloading 1155 Unused Serialized files (Serialized files now loaded: 0)
System memory in use before: 64.1 MB.
System memory in use after: 64.1 MB.

Unloading 6 unused Assets to reduce memory usage. Loaded Objects now: 1678.
Total: 3.004700 ms (FindLiveObjects: 0.262200 ms CreateObjectMapping: 0.057400 ms MarkObjects: 2.493000 ms  DeleteObjects: 0.191000 ms)

========================================================================
Received Prepare
Registering precompiled user dll's ...
Registered in 0.000795 seconds.
Begin MonoManager ReloadAssembly
Native extension for WindowsStandalone target not found
Refreshing native plugins compatible for Editor in 0.22 ms, found 0 plugins.
Preloading 0 native plugins for Editor in 0.00 ms.
Invoked RoslynAnalysisRunner static constructor.
RoslynAnalysisRunner will not be running.
RoslynAnalysisRunner has terminated.
Mono: successfully reloaded assembly
- Completed reload, in  0.749 seconds
Platform modules already initialized, skipping
Refreshing native plugins compatible for Editor in 0.24 ms, found 0 plugins.
Preloading 0 native plugins for Editor in 0.00 ms.
Unloading 1155 Unused Serialized files (Serialized files now loaded: 0)
System memory in use before: 64.1 MB.
System memory in use after: 64.1 MB.

Unloading 6 unused Assets to reduce memory usage. Loaded Objects now: 1681.
Total: 1.539300 ms (FindLiveObjects: 0.134700 ms CreateObjectMapping: 0.034900 ms MarkObjects: 1.261800 ms  DeleteObjects: 0.107000 ms)

========================================================================
Received Prepare
Registering precompiled user dll's ...
Registered in 0.000582 seconds.
Begin MonoManager ReloadAssembly
Native extension for WindowsStandalone target not found
Refreshing native plugins compatible for Editor in 0.20 ms, found 0 plugins.
Preloading 0 native plugins for Editor in 0.00 ms.
Invoked RoslynAnalysisRunner static constructor.
RoslynAnalysisRunner will not be running.
RoslynAnalysisRunner has terminated.
Mono: successfully reloaded assembly
- Completed reload, in  0.822 seconds
Platform modules already initialized, skipping
Refreshing native plugins compatible for Editor in 0.22 ms, found 0 plugins.
Preloading 0 native plugins for Editor in 0.00 ms.
Unloading 1155 Unused Serialized files (Serialized files now loaded: 0)
System memory in use before: 64.1 MB.
System memory in use after: 64.1 MB.

Unloading 6 unused Assets to reduce memory usage. Loaded Objects now: 1684.
Total: 1.783400 ms (FindLiveObjects: 0.162100 ms CreateObjectMapping: 0.051000 ms MarkObjects: 1.424800 ms  DeleteObjects: 0.144400 ms)

========================================================================
Received Prepare
Registering precompiled user dll's ...
Registered in 0.000780 seconds.
Begin MonoManager ReloadAssembly
Native extension for WindowsStandalone target not found
Refreshing native plugins compatible for Editor in 0.22 ms, found 0 plugins.
Preloading 0 native plugins for Editor in 0.00 ms.
Invoked RoslynAnalysisRunner static constructor.
RoslynAnalysisRunner will not be running.
RoslynAnalysisRunner has terminated.
Mono: successfully reloaded assembly
- Completed reload, in  0.715 seconds
Platform modules already initialized, skipping
Refreshing native plugins compatible for Editor in 0.23 ms, found 0 plugins.
Preloading 0 native plugins for Editor in 0.00 ms.
Unloading 1155 Unused Serialized files (Serialized files now loaded: 0)
System memory in use before: 64.2 MB.
System memory in use after: 64.1 MB.

Unloading 6 unused Assets to reduce memory usage. Loaded Objects now: 1687.
Total: 2.190100 ms (FindLiveObjects: 0.125100 ms CreateObjectMapping: 0.027600 ms MarkObjects: 1.927500 ms  DeleteObjects: 0.109200 ms)

========================================================================
Received Import Request.
  Time since last request: 1310.689436 seconds.
  path: Assets/Prefab/HARİCİ/ZEMİN.prefab
  artifactKey: Guid(47db25bc3925602489be5544ce2ccf1d) Importer(815301076,1909f56bfc062723c751e8b465ee728b)
Start importing Assets/Prefab/HARİCİ/ZEMİN.prefab using Guid(47db25bc3925602489be5544ce2ccf1d) Importer(815301076,1909f56bfc062723c751e8b465ee728b)  -> (artifact id: 'ca58ea177cde18d2a5b41d1cddb13670') in 0.088380 seconds
  Import took 0.091694 seconds .

========================================================================
Received Import Request.
  Time since last request: 123.375607 seconds.
  path: Assets/Modeller/E_modeller/vs.png
  artifactKey: Guid(1450d2521eb714f41b84d5429e9ad3a7) Importer(815301076,1909f56bfc062723c751e8b465ee728b)
Start importing Assets/Modeller/E_modeller/vs.png using Guid(1450d2521eb714f41b84d5429e9ad3a7) Importer(815301076,1909f56bfc062723c751e8b465ee728b)  -> (artifact id: 'e9cf272025dd927333ec80d43e0788ff') in 0.049768 seconds
  Import took 0.051988 seconds .

========================================================================
Received Import Request.
  Time since last request: 0.002756 seconds.
  path: Assets/Modeller/E_modeller/vs.png
  artifactKey: Guid(1450d2521eb714f41b84d5429e9ad3a7) Importer(815301076,1909f56bfc062723c751e8b465ee728b)
Start importing Assets/Modeller/E_modeller/vs.png using Guid(1450d2521eb714f41b84d5429e9ad3a7) Importer(815301076,1909f56bfc062723c751e8b465ee728b)  -> (artifact id: 'e9cf272025dd927333ec80d43e0788ff') in 0.009380 seconds
  Import took 0.011551 seconds .

========================================================================
Received Import Request.
  Time since last request: 7.737842 seconds.
  path: Assets/Sesler
  artifactKey: Guid(1990d360367c1b7408c221b527fd3a94) Importer(815301076,1909f56bfc062723c751e8b465ee728b)
Start importing Assets/Sesler using Guid(1990d360367c1b7408c221b527fd3a94) Importer(815301076,1909f56bfc062723c751e8b465ee728b)  -> (artifact id: '4ad108090d90063670c8fa261b81f388') in 0.006247 seconds
  Import took 0.008549 seconds .

========================================================================
Received Import Request.
  Time since last request: 31.998488 seconds.
  path: Assets/Sesler/oyunmusic.wav
  artifactKey: Guid(34ec09aed92746944a02a52f87bb0902) Importer(815301076,1909f56bfc062723c751e8b465ee728b)
Start importing Assets/Sesler/oyunmusic.wav using Guid(34ec09aed92746944a02a52f87bb0902) Importer(815301076,1909f56bfc062723c751e8b465ee728b)  -> (artifact id: '3ea1e163a6264bd4f7a81643817e5070') in 0.073416 seconds
  Import took 0.075719 seconds .

========================================================================
Received Import Request.
  Time since last request: 696.783447 seconds.
  path: Assets/Modeller/E_modeller/vs.png
  artifactKey: Guid(1450d2521eb714f41b84d5429e9ad3a7) Importer(815301076,1909f56bfc062723c751e8b465ee728b)
Start importing Assets/Modeller/E_modeller/vs.png using Guid(1450d2521eb714f41b84d5429e9ad3a7) Importer(815301076,1909f56bfc062723c751e8b465ee728b)  -> (artifact id: '271d78b5877d1c032145fe1fa8ec4a9d') in 0.026397 seconds
  Import took 0.029098 seconds .

========================================================================
Received Import Request.
  Time since last request: 3.622542 seconds.
  path: Assets/Modeller/E_modeller/vs.png
  artifactKey: Guid(1450d2521eb714f41b84d5429e9ad3a7) Importer(815301076,1909f56bfc062723c751e8b465ee728b)
Start importing Assets/Modeller/E_modeller/vs.png using Guid(1450d2521eb714f41b84d5429e9ad3a7) Importer(815301076,1909f56bfc062723c751e8b465ee728b)  -> (artifact id: '4663bf353b20ac66649726524cd0dd6d') in 0.017823 seconds
  Import took 0.019665 seconds .

========================================================================
Received Prepare
Registering precompiled user dll's ...
Registered in 0.000682 seconds.
Begin MonoManager ReloadAssembly
Native extension for WindowsStandalone target not found
Refreshing native plugins compatible for Editor in 0.24 ms, found 0 plugins.
Preloading 0 native plugins for Editor in 0.00 ms.
Invoked RoslynAnalysisRunner static constructor.
RoslynAnalysisRunner will not be running.
RoslynAnalysisRunner has terminated.
Mono: successfully reloaded assembly
- Completed reload, in  0.796 seconds
Platform modules already initialized, skipping
Refreshing native plugins compatible for Editor in 0.23 ms, found 0 plugins.
Preloading 0 native plugins for Editor in 0.00 ms.
Unloading 1155 Unused Serialized files (Serialized files now loaded: 0)
System memory in use before: 64.2 MB.
System memory in use after: 64.2 MB.

Unloading 8 unused Assets to reduce memory usage. Loaded Objects now: 1698.
Total: 2.520700 ms (FindLiveObjects: 0.211600 ms CreateObjectMapping: 0.111400 ms MarkObjects: 2.030500 ms  DeleteObjects: 0.165800 ms)

========================================================================
Received Import Request.
  Time since last request: 1174.070295 seconds.
  path: Assets/KarakterModeli/models/Ninja_Demo@T-Pose.fbx
  artifactKey: Guid(a6e1b293f7ed5584fa548ddde966e03e) Importer(815301076,1909f56bfc062723c751e8b465ee728b)
Start importing Assets/KarakterModeli/models/Ninja_Demo@T-Pose.fbx using Guid(a6e1b293f7ed5584fa548ddde966e03e) Importer(815301076,1909f56bfc062723c751e8b465ee728b)  -> (artifact id: 'f62d7b672e9b39a370715723d0b05d05') in 0.151870 seconds
  Import took 0.154283 seconds .

========================================================================
Received Import Request.
  Time since last request: 4.386756 seconds.
  path: Assets/KarakterModeli/models/Ninja_Demo@T-Pose 1.fbx
  artifactKey: Guid(679a0523b05372b409ae23891d67dd0b) Importer(815301076,1909f56bfc062723c751e8b465ee728b)
Start importing Assets/KarakterModeli/models/Ninja_Demo@T-Pose 1.fbx using Guid(679a0523b05372b409ae23891d67dd0b) Importer(815301076,1909f56bfc062723c751e8b465ee728b)  -> (artifact id: '4534c1e5867cc86049d625c85fecc436') in 0.054552 seconds
  Import took 0.057044 seconds .

========================================================================
Received Import Request.
  Time since last request: 8.996685 seconds.
  path: Assets/KarakterModeli/models/dusman.fbx
  artifactKey: Guid(679a0523b05372b409ae23891d67dd0b) Importer(815301076,1909f56bfc062723c751e8b465ee728b)
Start importing Assets/KarakterModeli/models/dusman.fbx using Guid(679a0523b05372b409ae23891d67dd0b) Importer(815301076,1909f56bfc062723c751e8b465ee728b)  -> (artifact id: '61629a473f86763e4f93a0dc08f98da0') in 0.058220 seconds
  Import took 0.060956 seconds .

========================================================================
Received Import Request.
  Time since last request: 251.803805 seconds.
  path: Assets/KarakterModeli/models/Materials
  artifactKey: Guid(555b8bf38bf83744297f198d2c054c86) Importer(815301076,1909f56bfc062723c751e8b465ee728b)
Start importing Assets/KarakterModeli/models/Materials using Guid(555b8bf38bf83744297f198d2c054c86) Importer(815301076,1909f56bfc062723c751e8b465ee728b)  -> (artifact id: 'c27dc953679cfbc7d880b534765a1e46') in 0.002635 seconds
  Import took 0.005175 seconds .

========================================================================
Received Prepare
Registering precompiled user dll's ...
Registered in 0.000720 seconds.
Begin MonoManager ReloadAssembly
Native extension for WindowsStandalone target not found
Refreshing native plugins compatible for Editor in 0.19 ms, found 0 plugins.
Preloading 0 native plugins for Editor in 0.00 ms.
Invoked RoslynAnalysisRunner static constructor.
RoslynAnalysisRunner will not be running.
RoslynAnalysisRunner has terminated.
Mono: successfully reloaded assembly
- Completed reload, in  0.674 seconds
Platform modules already initialized, skipping
Refreshing native plugins compatible for Editor in 0.21 ms, found 0 plugins.
Preloading 0 native plugins for Editor in 0.00 ms.
Unloading 1155 Unused Serialized files (Serialized files now loaded: 0)
System memory in use before: 78.0 MB.
System memory in use after: 77.9 MB.

Unloading 6 unused Assets to reduce memory usage. Loaded Objects now: 1706.
Total: 1.602100 ms (FindLiveObjects: 0.123000 ms CreateObjectMapping: 0.032500 ms MarkObjects: 1.350800 ms  DeleteObjects: 0.095300 ms)

========================================================================
Received Import Request.
  Time since last request: 190.371734 seconds.
  path: Assets/KarakterModeli/models/Materials/karakter 1.png
  artifactKey: Guid(b7fc6ac3fe219a943b97a8d970f8a92b) Importer(815301076,1909f56bfc062723c751e8b465ee728b)
Start importing Assets/KarakterModeli/models/Materials/karakter 1.png using Guid(b7fc6ac3fe219a943b97a8d970f8a92b) Importer(815301076,1909f56bfc062723c751e8b465ee728b)  -> (artifact id: '4857495be236f59d1a26f5bae39988db') in 0.043224 seconds
  Import took 0.045256 seconds .

========================================================================
Received Import Request.
  Time since last request: 0.001829 seconds.
  path: Assets/KarakterModeli/models/Materials/karakter 1.png
  artifactKey: Guid(b7fc6ac3fe219a943b97a8d970f8a92b) Importer(815301076,1909f56bfc062723c751e8b465ee728b)
Start importing Assets/KarakterModeli/models/Materials/karakter 1.png using Guid(b7fc6ac3fe219a943b97a8d970f8a92b) Importer(815301076,1909f56bfc062723c751e8b465ee728b)  -> (artifact id: '4857495be236f59d1a26f5bae39988db') in 0.007032 seconds
  Import took 0.009737 seconds .

========================================================================
Received Import Request.
  Time since last request: 7.187551 seconds.
  path: Assets/KarakterModeli/models/Materials/ninjaDusman.png
  artifactKey: Guid(b7fc6ac3fe219a943b97a8d970f8a92b) Importer(815301076,1909f56bfc062723c751e8b465ee728b)
Start importing Assets/KarakterModeli/models/Materials/ninjaDusman.png using Guid(b7fc6ac3fe219a943b97a8d970f8a92b) Importer(815301076,1909f56bfc062723c751e8b465ee728b)  -> (artifact id: '7c37c77e491edddec7239aff5da72425') in 0.054478 seconds
  Import took 0.057377 seconds .

========================================================================
Received Import Request.
  Time since last request: 180.179152 seconds.
  path: Assets/Modeller/E_modeller/engeller
  artifactKey: Guid(65cec78cd2154db46b1f4e143bbe34f4) Importer(815301076,1909f56bfc062723c751e8b465ee728b)
Start importing Assets/Modeller/E_modeller/engeller using Guid(65cec78cd2154db46b1f4e143bbe34f4) Importer(815301076,1909f56bfc062723c751e8b465ee728b)  -> (artifact id: 'bf1b2c18053295d9510f71963e9a2061') in 0.006071 seconds
  Import took 0.008977 seconds .

========================================================================
Received Import Request.
  Time since last request: 21.134913 seconds.
  path: Assets/Modeller/E_modeller/SavasAlani
  artifactKey: Guid(1132c24e90177b64aa1d1f1d3635318a) Importer(815301076,1909f56bfc062723c751e8b465ee728b)
Start importing Assets/Modeller/E_modeller/SavasAlani using Guid(1132c24e90177b64aa1d1f1d3635318a) Importer(815301076,1909f56bfc062723c751e8b465ee728b)  -> (artifact id: 'c017c5d41583aba0ae0c8faff9d12fd4') in 0.006043 seconds
  Import took 0.007881 seconds .

========================================================================
Received Import Request.
  Time since last request: 7.132217 seconds.
  path: Assets/Modeller/E_modeller/Materials
  artifactKey: Guid(1378b7f42b77f934eb756215801c993f) Importer(815301076,1909f56bfc062723c751e8b465ee728b)
Start importing Assets/Modeller/E_modeller/Materials using Guid(1378b7f42b77f934eb756215801c993f) Importer(815301076,1909f56bfc062723c751e8b465ee728b)  -> (artifact id: '1803359766e67dd05646602bd4989383') in 0.002804 seconds
  Import took 0.004870 seconds .

========================================================================
Received Import Request.
  Time since last request: 61.197623 seconds.
  path: Assets/Animasyonlar/Karakter.controller
  artifactKey: Guid(c1c71ecddb2a1a442b5eaa7ab145aa12) Importer(815301076,1909f56bfc062723c751e8b465ee728b)
Start importing Assets/Animasyonlar/Karakter.controller using Guid(c1c71ecddb2a1a442b5eaa7ab145aa12) Importer(815301076,1909f56bfc062723c751e8b465ee728b)  -> (artifact id: '7ba78c9473995259f9fdb6661b7ac567') in 0.012778 seconds
  Import took 0.015084 seconds .

========================================================================
Received Import Request.
  Time since last request: 0.715162 seconds.
  path: Assets/Animasyonlar/Karakter 1.controller
  artifactKey: Guid(f06baf2efa366d248bc3757265d877c7) Importer(815301076,1909f56bfc062723c751e8b465ee728b)
Start importing Assets/Animasyonlar/Karakter 1.controller using Guid(f06baf2efa366d248bc3757265d877c7) Importer(815301076,1909f56bfc062723c751e8b465ee728b)  -> (artifact id: 'c2c492b910575da8f8d47695c7c7541a') in 0.007863 seconds
  Import took 0.010697 seconds .

========================================================================
Received Import Request.
  Time since last request: 7.114122 seconds.
  path: Assets/Animasyonlar/KarakterDusman.controller
  artifactKey: Guid(f06baf2efa366d248bc3757265d877c7) Importer(815301076,1909f56bfc062723c751e8b465ee728b)
Start importing Assets/Animasyonlar/KarakterDusman.controller using Guid(f06baf2efa366d248bc3757265d877c7) Importer(815301076,1909f56bfc062723c751e8b465ee728b)  -> (artifact id: '90f136086867bdaf093c347f75f8b30f') in 0.006700 seconds
  Import took 0.009027 seconds .

========================================================================
Received Import Request.
  Time since last request: 108.998708 seconds.
  path: Assets/Animasyonlar/idle.fbx
  artifactKey: Guid(5cb4bf3ff1041e8488909e715e396c1d) Importer(815301076,1909f56bfc062723c751e8b465ee728b)
Start importing Assets/Animasyonlar/idle.fbx using Guid(5cb4bf3ff1041e8488909e715e396c1d) Importer(815301076,1909f56bfc062723c751e8b465ee728b)  -> (artifact id: '18c8da235ae6ea488f3adc41bb3e340d') in 0.016338 seconds
  Import took 0.018713 seconds .

========================================================================
Received Import Request.
  Time since last request: 10.229347 seconds.
  path: Assets/Animasyonlar/idle.fbx
  artifactKey: Guid(5cb4bf3ff1041e8488909e715e396c1d) Importer(815301076,1909f56bfc062723c751e8b465ee728b)
Start importing Assets/Animasyonlar/idle.fbx using Guid(5cb4bf3ff1041e8488909e715e396c1d) Importer(815301076,1909f56bfc062723c751e8b465ee728b)  -> (artifact id: 'f5eb82c6839c87c8939e987211cffcb3') in 0.007400 seconds
  Import took 0.009726 seconds .

========================================================================
Received Import Request.
  Time since last request: 49.317265 seconds.
  path: Assets/Animasyonlar/idle.fbx
  artifactKey: Guid(5cb4bf3ff1041e8488909e715e396c1d) Importer(815301076,1909f56bfc062723c751e8b465ee728b)
Start importing Assets/Animasyonlar/idle.fbx using Guid(5cb4bf3ff1041e8488909e715e396c1d) Importer(815301076,1909f56bfc062723c751e8b465ee728b)  -> (artifact id: '08954ef412d7e99963eb071329aa5608') in 0.007448 seconds
  Import took 0.009913 seconds .

========================================================================
Received Prepare
Registering precompiled user dll's ...
Registered in 0.000634 seconds.
Begin MonoManager ReloadAssembly
Native extension for WindowsStandalone target not found
Refreshing native plugins compatible for Editor in 0.20 ms, found 0 plugins.
Preloading 0 native plugins for Editor in 0.00 ms.
Invoked RoslynAnalysisRunner static constructor.
RoslynAnalysisRunner will not be running.
RoslynAnalysisRunner has terminated.
Mono: successfully reloaded assembly
- Completed reload, in  0.844 seconds
Platform modules already initialized, skipping
Refreshing native plugins compatible for Editor in 0.24 ms, found 0 plugins.
Preloading 0 native plugins for Editor in 0.00 ms.
Unloading 1156 Unused Serialized files (Serialized files now loaded: 0)
System memory in use before: 78.0 MB.
System memory in use after: 78.0 MB.

Unloading 6 unused Assets to reduce memory usage. Loaded Objects now: 1710.
Total: 1.983600 ms (FindLiveObjects: 0.181400 ms CreateObjectMapping: 0.042100 ms MarkObjects: 1.591700 ms  DeleteObjects: 0.167500 ms)

========================================================================
Received Prepare
Registering precompiled user dll's ...
Registered in 0.000477 seconds.
Begin MonoManager ReloadAssembly
Native extension for WindowsStandalone target not found
Refreshing native plugins compatible for Editor in 0.26 ms, found 0 plugins.
Preloading 0 native plugins for Editor in 0.00 ms.
Invoked RoslynAnalysisRunner static constructor.
RoslynAnalysisRunner will not be running.
RoslynAnalysisRunner has terminated.
Mono: successfully reloaded assembly
- Completed reload, in  0.715 seconds
Platform modules already initialized, skipping
Refreshing native plugins compatible for Editor in 0.24 ms, found 0 plugins.
Preloading 0 native plugins for Editor in 0.00 ms.
Unloading 1156 Unused Serialized files (Serialized files now loaded: 0)
System memory in use before: 78.0 MB.
System memory in use after: 78.0 MB.

Unloading 6 unused Assets to reduce memory usage. Loaded Objects now: 1713.
Total: 1.769600 ms (FindLiveObjects: 0.150500 ms CreateObjectMapping: 0.037100 ms MarkObjects: 1.478600 ms  DeleteObjects: 0.102500 ms)

========================================================================
Received Prepare
Registering precompiled user dll's ...
Registered in 0.000805 seconds.
Begin MonoManager ReloadAssembly
Native extension for WindowsStandalone target not found
Refreshing native plugins compatible for Editor in 0.20 ms, found 0 plugins.
Preloading 0 native plugins for Editor in 0.00 ms.
Invoked RoslynAnalysisRunner static constructor.
RoslynAnalysisRunner will not be running.
RoslynAnalysisRunner has terminated.
Mono: successfully reloaded assembly
- Completed reload, in  0.710 seconds
Platform modules already initialized, skipping
Refreshing native plugins compatible for Editor in 0.22 ms, found 0 plugins.
Preloading 0 native plugins for Editor in 0.00 ms.
Unloading 1156 Unused Serialized files (Serialized files now loaded: 0)
System memory in use before: 78.1 MB.
System memory in use after: 78.0 MB.

Unloading 6 unused Assets to reduce memory usage. Loaded Objects now: 1716.
Total: 1.452900 ms (FindLiveObjects: 0.161900 ms CreateObjectMapping: 0.053700 ms MarkObjects: 1.127300 ms  DeleteObjects: 0.109200 ms)

========================================================================
Received Prepare
Registering precompiled user dll's ...
Registered in 0.000632 seconds.
Begin MonoManager ReloadAssembly
Native extension for WindowsStandalone target not found
Refreshing native plugins compatible for Editor in 0.30 ms, found 0 plugins.
Preloading 0 native plugins for Editor in 0.00 ms.
Invoked RoslynAnalysisRunner static constructor.
RoslynAnalysisRunner will not be running.
RoslynAnalysisRunner has terminated.
Mono: successfully reloaded assembly
- Completed reload, in  0.761 seconds
Platform modules already initialized, skipping
Refreshing native plugins compatible for Editor in 0.37 ms, found 0 plugins.
Preloading 0 native plugins for Editor in 0.00 ms.
Unloading 1156 Unused Serialized files (Serialized files now loaded: 0)
System memory in use before: 78.1 MB.
System memory in use after: 78.0 MB.

Unloading 6 unused Assets to reduce memory usage. Loaded Objects now: 1719.
Total: 1.642600 ms (FindLiveObjects: 0.157900 ms CreateObjectMapping: 0.039000 ms MarkObjects: 1.328800 ms  DeleteObjects: 0.115900 ms)

========================================================================
Received Prepare
Registering precompiled user dll's ...
Registered in 0.000731 seconds.
Begin MonoManager ReloadAssembly
Native extension for WindowsStandalone target not found
Refreshing native plugins compatible for Editor in 0.19 ms, found 0 plugins.
Preloading 0 native plugins for Editor in 0.00 ms.
Invoked RoslynAnalysisRunner static constructor.
RoslynAnalysisRunner will not be running.
RoslynAnalysisRunner has terminated.
Mono: successfully reloaded assembly
- Completed reload, in  0.774 seconds
Platform modules already initialized, skipping
Refreshing native plugins compatible for Editor in 0.26 ms, found 0 plugins.
Preloading 0 native plugins for Editor in 0.00 ms.
Unloading 1156 Unused Serialized files (Serialized files now loaded: 0)
System memory in use before: 78.1 MB.
System memory in use after: 78.0 MB.

Unloading 6 unused Assets to reduce memory usage. Loaded Objects now: 1722.
Total: 1.611500 ms (FindLiveObjects: 0.120400 ms CreateObjectMapping: 0.032200 ms MarkObjects: 1.360100 ms  DeleteObjects: 0.098200 ms)

========================================================================
Received Import Request.
  Time since last request: 1518.422921 seconds.
  path: ProjectSettings/TagManager.asset
  artifactKey: Guid(00000000000000003000000000000000) Importer(815301076,1909f56bfc062723c751e8b465ee728b)
Start importing ProjectSettings/TagManager.asset using Guid(00000000000000003000000000000000) Importer(815301076,1909f56bfc062723c751e8b465ee728b)  -> (artifact id: '7d300740f77cc419dbaf6321b630bd8e') in 0.014677 seconds
  Import took 0.017270 seconds .

========================================================================
Received Prepare
Registering precompiled user dll's ...
Registered in 0.000517 seconds.
Begin MonoManager ReloadAssembly
Native extension for WindowsStandalone target not found
Refreshing native plugins compatible for Editor in 0.44 ms, found 0 plugins.
Preloading 0 native plugins for Editor in 0.00 ms.
Invoked RoslynAnalysisRunner static constructor.
RoslynAnalysisRunner will not be running.
RoslynAnalysisRunner has terminated.
Mono: successfully reloaded assembly
- Completed reload, in  0.779 seconds
Platform modules already initialized, skipping
Refreshing native plugins compatible for Editor in 0.22 ms, found 0 plugins.
Preloading 0 native plugins for Editor in 0.00 ms.
Unloading 1156 Unused Serialized files (Serialized files now loaded: 0)
System memory in use before: 78.1 MB.
System memory in use after: 78.0 MB.

Unloading 7 unused Assets to reduce memory usage. Loaded Objects now: 1725.
Total: 1.897200 ms (FindLiveObjects: 0.231100 ms CreateObjectMapping: 0.098700 ms MarkObjects: 1.445000 ms  DeleteObjects: 0.121000 ms)

========================================================================
Received Prepare
Registering precompiled user dll's ...
Registered in 0.000981 seconds.
Begin MonoManager ReloadAssembly
Native extension for WindowsStandalone target not found
Refreshing native plugins compatible for Editor in 0.19 ms, found 0 plugins.
Preloading 0 native plugins for Editor in 0.00 ms.
Invoked RoslynAnalysisRunner static constructor.
RoslynAnalysisRunner will not be running.
RoslynAnalysisRunner has terminated.
Mono: successfully reloaded assembly
- Completed reload, in  0.820 seconds
Platform modules already initialized, skipping
Refreshing native plugins compatible for Editor in 0.23 ms, found 0 plugins.
Preloading 0 native plugins for Editor in 0.00 ms.
Unloading 1156 Unused Serialized files (Serialized files now loaded: 0)
System memory in use before: 78.0 MB.
System memory in use after: 78.0 MB.

Unloading 6 unused Assets to reduce memory usage. Loaded Objects now: 1728.
Total: 2.371800 ms (FindLiveObjects: 0.369900 ms CreateObjectMapping: 0.089900 ms MarkObjects: 1.673100 ms  DeleteObjects: 0.235500 ms)

========================================================================
Received Prepare
Registering precompiled user dll's ...
Registered in 0.000533 seconds.
Begin MonoManager ReloadAssembly
Native extension for WindowsStandalone target not found
Refreshing native plugins compatible for Editor in 0.35 ms, found 0 plugins.
Preloading 0 native plugins for Editor in 0.00 ms.
Invoked RoslynAnalysisRunner static constructor.
RoslynAnalysisRunner will not be running.
RoslynAnalysisRunner has terminated.
Mono: successfully reloaded assembly
- Completed reload, in  0.819 seconds
Platform modules already initialized, skipping
Refreshing native plugins compatible for Editor in 0.27 ms, found 0 plugins.
Preloading 0 native plugins for Editor in 0.00 ms.
Unloading 1156 Unused Serialized files (Serialized files now loaded: 0)
System memory in use before: 78.1 MB.
System memory in use after: 78.0 MB.

Unloading 6 unused Assets to reduce memory usage. Loaded Objects now: 1731.
Total: 1.814700 ms (FindLiveObjects: 0.142000 ms CreateObjectMapping: 0.036000 ms MarkObjects: 1.532200 ms  DeleteObjects: 0.103700 ms)

========================================================================
Received Prepare
Registering precompiled user dll's ...
Registered in 0.000565 seconds.
Begin MonoManager ReloadAssembly
Native extension for WindowsStandalone target not found
Refreshing native plugins compatible for Editor in 0.29 ms, found 0 plugins.
Preloading 0 native plugins for Editor in 0.00 ms.
Invoked RoslynAnalysisRunner static constructor.
RoslynAnalysisRunner will not be running.
RoslynAnalysisRunner has terminated.
Mono: successfully reloaded assembly
- Completed reload, in  0.745 seconds
Platform modules already initialized, skipping
Refreshing native plugins compatible for Editor in 0.22 ms, found 0 plugins.
Preloading 0 native plugins for Editor in 0.00 ms.
Unloading 1156 Unused Serialized files (Serialized files now loaded: 0)
System memory in use before: 78.1 MB.
System memory in use after: 78.0 MB.

Unloading 6 unused Assets to reduce memory usage. Loaded Objects now: 1734.
Total: 1.471700 ms (FindLiveObjects: 0.119800 ms CreateObjectMapping: 0.035300 ms MarkObjects: 1.207800 ms  DeleteObjects: 0.108200 ms)

========================================================================
Received Prepare
Registering precompiled user dll's ...
Registered in 0.000571 seconds.
Begin MonoManager ReloadAssembly
Native extension for WindowsStandalone target not found
Refreshing native plugins compatible for Editor in 0.24 ms, found 0 plugins.
Preloading 0 native plugins for Editor in 0.00 ms.
Invoked RoslynAnalysisRunner static constructor.
RoslynAnalysisRunner will not be running.
RoslynAnalysisRunner has terminated.
Mono: successfully reloaded assembly
- Completed reload, in  0.795 seconds
Platform modules already initialized, skipping
Refreshing native plugins compatible for Editor in 0.28 ms, found 0 plugins.
Preloading 0 native plugins for Editor in 0.00 ms.
Unloading 1156 Unused Serialized files (Serialized files now loaded: 0)
System memory in use before: 78.1 MB.
System memory in use after: 78.0 MB.

Unloading 6 unused Assets to reduce memory usage. Loaded Objects now: 1737.
Total: 2.214400 ms (FindLiveObjects: 0.176900 ms CreateObjectMapping: 0.056400 ms MarkObjects: 1.844300 ms  DeleteObjects: 0.135500 ms)

========================================================================
Received Prepare
Registering precompiled user dll's ...
Registered in 0.000562 seconds.
Begin MonoManager ReloadAssembly
Native extension for WindowsStandalone target not found
Refreshing native plugins compatible for Editor in 0.21 ms, found 0 plugins.
Preloading 0 native plugins for Editor in 0.00 ms.
Invoked RoslynAnalysisRunner static constructor.
RoslynAnalysisRunner will not be running.
RoslynAnalysisRunner has terminated.
Mono: successfully reloaded assembly
- Completed reload, in  0.781 seconds
Platform modules already initialized, skipping
Refreshing native plugins compatible for Editor in 0.25 ms, found 0 plugins.
Preloading 0 native plugins for Editor in 0.00 ms.
Unloading 1156 Unused Serialized files (Serialized files now loaded: 0)
System memory in use before: 78.1 MB.
System memory in use after: 78.0 MB.

Unloading 6 unused Assets to reduce memory usage. Loaded Objects now: 1740.
Total: 2.518600 ms (FindLiveObjects: 0.286600 ms CreateObjectMapping: 0.081900 ms MarkObjects: 2.015700 ms  DeleteObjects: 0.131900 ms)

========================================================================
Received Prepare
Registering precompiled user dll's ...
Registered in 0.000583 seconds.
Begin MonoManager ReloadAssembly
Native extension for WindowsStandalone target not found
Refreshing native plugins compatible for Editor in 0.19 ms, found 0 plugins.
Preloading 0 native plugins for Editor in 0.00 ms.
Invoked RoslynAnalysisRunner static constructor.
RoslynAnalysisRunner will not be running.
RoslynAnalysisRunner has terminated.
Mono: successfully reloaded assembly
- Completed reload, in  0.775 seconds
Platform modules already initialized, skipping
Refreshing native plugins compatible for Editor in 0.23 ms, found 0 plugins.
Preloading 0 native plugins for Editor in 0.00 ms.
Unloading 1156 Unused Serialized files (Serialized files now loaded: 0)
System memory in use before: 78.1 MB.
System memory in use after: 78.0 MB.

Unloading 6 unused Assets to reduce memory usage. Loaded Objects now: 1743.
Total: 1.563000 ms (FindLiveObjects: 0.135100 ms CreateObjectMapping: 0.032100 ms MarkObjects: 1.293000 ms  DeleteObjects: 0.102200 ms)

========================================================================
Received Prepare
Registering precompiled user dll's ...
Registered in 0.000601 seconds.
Begin MonoManager ReloadAssembly
Native extension for WindowsStandalone target not found
Refreshing native plugins compatible for Editor in 0.36 ms, found 0 plugins.
Preloading 0 native plugins for Editor in 0.00 ms.
Invoked RoslynAnalysisRunner static constructor.
RoslynAnalysisRunner will not be running.
RoslynAnalysisRunner has terminated.
Mono: successfully reloaded assembly
- Completed reload, in  0.759 seconds
Platform modules already initialized, skipping
Refreshing native plugins compatible for Editor in 0.21 ms, found 0 plugins.
Preloading 0 native plugins for Editor in 0.00 ms.
Unloading 1156 Unused Serialized files (Serialized files now loaded: 0)
System memory in use before: 78.1 MB.
System memory in use after: 78.0 MB.

Unloading 6 unused Assets to reduce memory usage. Loaded Objects now: 1746.
Total: 1.877700 ms (FindLiveObjects: 0.133000 ms CreateObjectMapping: 0.036000 ms MarkObjects: 1.602600 ms  DeleteObjects: 0.105500 ms)

========================================================================
Received Prepare
Registering precompiled user dll's ...
Registered in 0.000517 seconds.
Begin MonoManager ReloadAssembly
Native extension for WindowsStandalone target not found
Refreshing native plugins compatible for Editor in 0.26 ms, found 0 plugins.
Preloading 0 native plugins for Editor in 0.00 ms.
Invoked RoslynAnalysisRunner static constructor.
RoslynAnalysisRunner will not be running.
RoslynAnalysisRunner has terminated.
Mono: successfully reloaded assembly
- Completed reload, in  0.820 seconds
Platform modules already initialized, skipping
Refreshing native plugins compatible for Editor in 0.24 ms, found 0 plugins.
Preloading 0 native plugins for Editor in 0.00 ms.
Unloading 1156 Unused Serialized files (Serialized files now loaded: 0)
System memory in use before: 78.1 MB.
System memory in use after: 78.0 MB.

Unloading 6 unused Assets to reduce memory usage. Loaded Objects now: 1749.
Total: 1.684200 ms (FindLiveObjects: 0.160700 ms CreateObjectMapping: 0.031600 ms MarkObjects: 1.383700 ms  DeleteObjects: 0.107500 ms)

========================================================================
Received Prepare
Registering precompiled user dll's ...
Registered in 0.000924 seconds.
Begin MonoManager ReloadAssembly
Native extension for WindowsStandalone target not found
Refreshing native plugins compatible for Editor in 0.19 ms, found 0 plugins.
Preloading 0 native plugins for Editor in 0.00 ms.
Invoked RoslynAnalysisRunner static constructor.
RoslynAnalysisRunner will not be running.
RoslynAnalysisRunner has terminated.
Mono: successfully reloaded assembly
- Completed reload, in  0.744 seconds
Platform modules already initialized, skipping
Refreshing native plugins compatible for Editor in 0.20 ms, found 0 plugins.
Preloading 0 native plugins for Editor in 0.00 ms.
Unloading 1156 Unused Serialized files (Serialized files now loaded: 0)
System memory in use before: 78.1 MB.
System memory in use after: 78.1 MB.

Unloading 6 unused Assets to reduce memory usage. Loaded Objects now: 1752.
Total: 1.638500 ms (FindLiveObjects: 0.190100 ms CreateObjectMapping: 0.037300 ms MarkObjects: 1.248700 ms  DeleteObjects: 0.160500 ms)

========================================================================
Received Prepare
Registering precompiled user dll's ...
Registered in 0.000507 seconds.
Begin MonoManager ReloadAssembly
Native extension for WindowsStandalone target not found
Refreshing native plugins compatible for Editor in 0.32 ms, found 0 plugins.
Preloading 0 native plugins for Editor in 0.00 ms.
Invoked RoslynAnalysisRunner static constructor.
RoslynAnalysisRunner will not be running.
RoslynAnalysisRunner has terminated.
Mono: successfully reloaded assembly
- Completed reload, in  0.707 seconds
Platform modules already initialized, skipping
Refreshing native plugins compatible for Editor in 0.20 ms, found 0 plugins.
Preloading 0 native plugins for Editor in 0.00 ms.
Unloading 1156 Unused Serialized files (Serialized files now loaded: 0)
System memory in use before: 78.1 MB.
System memory in use after: 78.1 MB.

Unloading 6 unused Assets to reduce memory usage. Loaded Objects now: 1755.
Total: 1.691000 ms (FindLiveObjects: 0.140600 ms CreateObjectMapping: 0.033700 ms MarkObjects: 1.422700 ms  DeleteObjects: 0.093300 ms)

========================================================================
Received Prepare
Registering precompiled user dll's ...
Registered in 0.001584 seconds.
Begin MonoManager ReloadAssembly
Native extension for WindowsStandalone target not found
Refreshing native plugins compatible for Editor in 0.31 ms, found 0 plugins.
Preloading 0 native plugins for Editor in 0.00 ms.
Invoked RoslynAnalysisRunner static constructor.
RoslynAnalysisRunner will not be running.
RoslynAnalysisRunner has terminated.
Mono: successfully reloaded assembly
- Completed reload, in  0.802 seconds
Platform modules already initialized, skipping
Refreshing native plugins compatible for Editor in 0.23 ms, found 0 plugins.
Preloading 0 native plugins for Editor in 0.00 ms.
Unloading 1156 Unused Serialized files (Serialized files now loaded: 0)
System memory in use before: 78.1 MB.
System memory in use after: 78.1 MB.

Unloading 6 unused Assets to reduce memory usage. Loaded Objects now: 1758.
Total: 1.572500 ms (FindLiveObjects: 0.150900 ms CreateObjectMapping: 0.036700 ms MarkObjects: 1.280600 ms  DeleteObjects: 0.103300 ms)

========================================================================
Received Prepare
Registering precompiled user dll's ...
Registered in 0.000483 seconds.
Begin MonoManager ReloadAssembly
Native extension for WindowsStandalone target not found
Refreshing native plugins compatible for Editor in 0.20 ms, found 0 plugins.
Preloading 0 native plugins for Editor in 0.00 ms.
Invoked RoslynAnalysisRunner static constructor.
RoslynAnalysisRunner will not be running.
RoslynAnalysisRunner has terminated.
Mono: successfully reloaded assembly
- Completed reload, in  0.701 seconds
Platform modules already initialized, skipping
Refreshing native plugins compatible for Editor in 0.21 ms, found 0 plugins.
Preloading 0 native plugins for Editor in 0.00 ms.
Unloading 1156 Unused Serialized files (Serialized files now loaded: 0)
System memory in use before: 78.1 MB.
System memory in use after: 78.1 MB.

Unloading 6 unused Assets to reduce memory usage. Loaded Objects now: 1761.
Total: 1.848900 ms (FindLiveObjects: 0.138600 ms CreateObjectMapping: 0.036800 ms MarkObjects: 1.572500 ms  DeleteObjects: 0.100100 ms)

========================================================================
Received Prepare
Registering precompiled user dll's ...
Registered in 0.000491 seconds.
Begin MonoManager ReloadAssembly
Native extension for WindowsStandalone target not found
Refreshing native plugins compatible for Editor in 0.31 ms, found 0 plugins.
Preloading 0 native plugins for Editor in 0.00 ms.
Invoked RoslynAnalysisRunner static constructor.
RoslynAnalysisRunner will not be running.
RoslynAnalysisRunner has terminated.
Mono: successfully reloaded assembly
- Completed reload, in  0.703 seconds
Platform modules already initialized, skipping
Refreshing native plugins compatible for Editor in 0.29 ms, found 0 plugins.
Preloading 0 native plugins for Editor in 0.00 ms.
Unloading 1156 Unused Serialized files (Serialized files now loaded: 0)
System memory in use before: 78.2 MB.
System memory in use after: 78.2 MB.

Unloading 6 unused Assets to reduce memory usage. Loaded Objects now: 1764.
Total: 1.607900 ms (FindLiveObjects: 0.140000 ms CreateObjectMapping: 0.039100 ms MarkObjects: 1.325100 ms  DeleteObjects: 0.103100 ms)

========================================================================
Received Prepare
Registering precompiled user dll's ...
Registered in 0.000474 seconds.
Begin MonoManager ReloadAssembly
Native extension for WindowsStandalone target not found
Refreshing native plugins compatible for Editor in 0.20 ms, found 0 plugins.
Preloading 0 native plugins for Editor in 0.00 ms.
Invoked RoslynAnalysisRunner static constructor.
RoslynAnalysisRunner will not be running.
RoslynAnalysisRunner has terminated.
Mono: successfully reloaded assembly
- Completed reload, in  0.718 seconds
Platform modules already initialized, skipping
Refreshing native plugins compatible for Editor in 0.21 ms, found 0 plugins.
Preloading 0 native plugins for Editor in 0.00 ms.
Unloading 1156 Unused Serialized files (Serialized files now loaded: 0)
System memory in use before: 78.2 MB.
System memory in use after: 78.2 MB.

Unloading 6 unused Assets to reduce memory usage. Loaded Objects now: 1767.
Total: 1.815700 ms (FindLiveObjects: 0.207600 ms CreateObjectMapping: 0.073300 ms MarkObjects: 1.394900 ms  DeleteObjects: 0.139200 ms)

AssetImportWorkerClient::OnTransportError - code=2 error=End of file
